<?xml version="1.0" encoding="UTF-8"?>
<testng-results skipped="0" failed="0" ignored="0" total="1" passed="1">
  <reporter-output>
  </reporter-output>
  <suite name="Default suite" duration-ms="46254" started-at="2019-05-26T15:56:58Z" finished-at="2019-05-26T15:57:45Z">
    <groups>
    </groups>
    <test name="Default test" duration-ms="46254" started-at="2019-05-26T15:56:58Z" finished-at="2019-05-26T15:57:45Z">
      <class name="Whatsapp.WhatsappBot.Test1">
        <test-method status="PASS" signature="setup()[pri:0, instance:Whatsapp.WhatsappBot.Test1@3ba9ad43]" name="setup" is-config="true" duration-ms="29349" started-at="2019-05-26T15:56:58Z" finished-at="2019-05-26T15:57:28Z">
          <reporter-output>
          </reporter-output>
        </test-method> <!-- setup -->
        <test-method status="PASS" signature="Spam()[pri:0, instance:Whatsapp.WhatsappBot.Test1@3ba9ad43]" name="Spam" duration-ms="16886" started-at="2019-05-26T15:57:28Z" finished-at="2019-05-26T15:57:45Z">
          <reporter-output>
          </reporter-output>
        </test-method> <!-- Spam -->
        <test-method status="PASS" signature="teardown()[pri:0, instance:Whatsapp.WhatsappBot.Test1@3ba9ad43]" name="teardown" is-config="true" duration-ms="0" started-at="2019-05-26T15:57:45Z" finished-at="2019-05-26T15:57:45Z">
          <reporter-output>
          </reporter-output>
        </test-method> <!-- teardown -->
      </class> <!-- Whatsapp.WhatsappBot.Test1 -->
    </test> <!-- Default test -->
  </suite> <!-- Default suite -->
</testng-results>
